2025-08-30 08:45:11,025 - INFO - Starting NutriGuard deployment for production
2025-08-30 08:45:11,026 - INFO - Checking system requirements...
2025-08-30 08:45:11,027 - INFO - Python version: 3.13
2025-08-30 08:45:12,708 - INFO - pip is available
2025-08-30 08:45:12,761 - INFO - MySQL is available
2025-08-30 08:45:12,762 - INFO - Installing Python dependencies...
2025-08-30 08:46:13,864 - INFO - Dependencies installed successfully
2025-08-30 08:46:13,866 - INFO - Setting up database...
2025-08-30 08:46:14,579 - ERROR - Database setup failed: 1045 (28000): Access denied for user 'root'@'localhost' (using password: NO)
2025-08-30 08:46:14,583 - WARNING - Database setup failed - manual configuration required
2025-08-30 08:46:14,589 - INFO - Setting up Redis...
2025-08-30 08:46:19,357 - WARNING - Redis setup failed: Error 10061 connecting to localhost:6379. No connection could be made because the target machine actively refused it.
2025-08-30 08:46:19,358 - WARNING - Redis not available - some features may be limited
2025-08-30 08:46:19,359 - INFO - Setting up production environment...
2025-08-30 08:46:19,360 - INFO - Setting up production web server...
2025-08-30 08:46:19,362 - INFO - Web server configuration created
2025-08-30 08:46:19,364 - INFO - Verifying deployment...
2025-08-30 08:46:23,903 - ERROR - Application verification failed: No module named 'MySQLdb'
2025-08-30 08:46:23,905 - ERROR - Deployment failed: No module named 'MySQLdb'
2025-08-31 15:11:19,661 - INFO - Starting NutriGuard deployment for development
2025-08-31 15:11:19,663 - INFO - Checking system requirements...
2025-08-31 15:11:19,664 - INFO - Python version: 3.13
2025-08-31 15:11:21,404 - INFO - pip is available
2025-08-31 15:11:21,497 - INFO - MySQL is available
2025-08-31 15:11:21,498 - INFO - Installing Python dependencies...
2025-08-31 15:11:25,092 - INFO - Dependencies installed successfully
2025-08-31 15:11:25,092 - INFO - Setting up database...
2025-08-31 15:11:25,337 - ERROR - Database setup failed: 1045 (28000): Access denied for user 'root'@'localhost' (using password: NO)
2025-08-31 15:11:25,338 - WARNING - Database setup failed - manual configuration required
2025-08-31 15:11:25,338 - INFO - Setting up Redis...
2025-08-31 15:11:29,414 - WARNING - Redis setup failed: Error 10061 connecting to localhost:6379. No connection could be made because the target machine actively refused it.
2025-08-31 15:11:29,415 - WARNING - Redis not available - some features may be limited
2025-08-31 15:11:29,416 - INFO - Setting up development environment...
2025-08-31 15:11:29,419 - INFO - Creating .env file from example...
2025-08-31 15:11:29,434 - WARNING - Please update .env file with your actual configuration values
2025-08-31 15:11:29,436 - INFO - Running tests...
2025-08-31 15:11:32,705 - WARNING - Some tests failed - check test output
2025-08-31 15:11:32,706 - WARNING - 
2025-08-31 15:11:32,706 - INFO - Verifying deployment...
2025-08-31 15:11:33,996 - INFO - Application context created successfully
2025-08-31 15:11:33,997 - INFO - Deployment completed successfully!
2025-08-31 15:24:38,021 - INFO - Starting NutriGuard deployment for production
2025-08-31 15:24:38,022 - INFO - Checking system requirements...
2025-08-31 15:24:38,023 - INFO - Python version: 3.13
2025-08-31 15:24:38,973 - INFO - pip is available
2025-08-31 15:24:39,022 - INFO - MySQL is available
2025-08-31 15:24:39,023 - INFO - Installing Python dependencies...
2025-08-31 15:24:42,883 - INFO - Dependencies installed successfully
2025-08-31 15:24:42,883 - INFO - Setting up database...
2025-08-31 15:24:43,093 - ERROR - Database setup failed: 1045 (28000): Access denied for user 'root'@'localhost' (using password: NO)
2025-08-31 15:24:43,093 - WARNING - Database setup failed - manual configuration required
2025-08-31 15:24:43,094 - INFO - Setting up Redis...
2025-08-31 15:24:47,190 - WARNING - Redis setup failed: Error 10061 connecting to localhost:6379. No connection could be made because the target machine actively refused it.
2025-08-31 15:24:47,192 - WARNING - Redis not available - some features may be limited
2025-08-31 15:24:47,194 - INFO - Setting up production environment...
2025-08-31 15:24:47,196 - INFO - Setting up production web server...
2025-08-31 15:24:47,197 - INFO - Web server configuration created
2025-08-31 15:24:47,198 - INFO - Verifying deployment...
2025-08-31 15:24:48,838 - INFO - Application context created successfully
2025-08-31 15:24:48,838 - INFO - Deployment completed successfully!
